<?xml version="1.0" encoding="UTF-8"?>
<testng-results ignored="0" total="1" passed="1" failed="0" skipped="0">
  <reporter-output>
  </reporter-output>
  <suite started-at="2023-05-18T13:16:39 IST" name="Default suite" finished-at="2023-05-18T13:17:05 IST" duration-ms="26018">
    <groups>
    </groups>
    <test started-at="2023-05-18T13:16:39 IST" name="Default test" finished-at="2023-05-18T13:17:05 IST" duration-ms="26018">
      <class name="practice_myself.Webaplyzer">
        <test-method is-config="true" signature="setup()[pri:0, instance:practice_myself.Webaplyzer@273e7444]" started-at="2023-05-18T13:16:39 IST" name="setup" finished-at="2023-05-18T13:16:50 IST" duration-ms="11692" status="PASS">
          <reporter-output>
          </reporter-output>
        </test-method> <!-- setup -->
        <test-method signature="test1()[pri:0, instance:practice_myself.Webaplyzer@273e7444]" started-at="2023-05-18T13:16:50 IST" name="test1" finished-at="2023-05-18T13:17:05 IST" duration-ms="14237" status="PASS">
          <reporter-output>
          </reporter-output>
        </test-method> <!-- test1 -->
      </class> <!-- practice_myself.Webaplyzer -->
    </test> <!-- Default test -->
  </suite> <!-- Default suite -->
</testng-results>
